arduino-cli  successful command lines - 22 Feb 2022

SUMMARY:

 $ arduino-cli board attach -b adafruit:avr:itsybitsy32u4_5V
 $ arduino-cli compile -b adafruit:avr:itsybitsy32u4_5V
 $ arduino-cli -p /dev/ttyACM0 upload

a sketch.json file gets created:

{
  "cpu": {
    "fqbn": "adafruit:avr:itsybitsy32u4_5V",
    "port": ""
  }
}

OLD_SUMMARY:

 $ arduino-cli board attach -b adafruit:avr:itsybitsy32u4_5V
 $ arduino-cli compile -b adafruit:avr:itsybitsy32u4_5V ./blink-a.ino
 $ arduino-cli -p /dev/ttyACM0 upload ./blink-a.ino 


 $ arduino-cli compile -b adafruit:avr:itsybitsy32u4_5V ./blink-a.ino
Sketch uses 3956 bytes (13%) of program storage space. Maximum is 28672 bytes.
Global variables use 149 bytes of dynamic memory.

 $ arduino-cli -p /dev/ttyACM0 upload ./blink-a.ino 
Connecting to programmer: .
Found programmer: Id = "CATERIN"; type = S
    Software Version = 1.0; No Hardware Version given.
Programmer supports auto addr increment.
Programmer supports buffered memory access with buffersize=128 bytes.

Programmer supports the following devices:
    Device code: 0x44


 $ arduino-cli board attach -b adafruit:avr:itsybitsy32u4_5V
Selected fqbn: adafruit:avr:itsybitsy32u4_5V


 $ arduino-cli board search itsy
Board Name                             FQBN                                      Platform ID   
Adafruit ItsyBitsy 32u4 3V 8MHz        adafruit:avr:itsybitsy32u4_3V             adafruit:avr  
Adafruit ItsyBitsy 32u4 5V 16MHz       adafruit:avr:itsybitsy32u4_5V             adafruit:avr  
Adafruit ItsyBitsy M0                  adafruit:samd:adafruit_itsybitsy_m0       adafruit:samd 
Adafruit ItsyBitsy M4 (SAMD51)         adafruit:samd:adafruit_itsybitsy_m4       adafruit:samd 
Adafruit ItsyBitsy RP2040              rp2040:rp2040:adafruit_itsybitsy          rp2040:rp2040 
Adafruit ItsyBitsy RP2040 (Picoprobe)  rp2040:rp2040:adafruit_itsybitsypicoprobe rp2040:rp2040 
Adafruit ItsyBitsy RP2040 (pico-debug) rp2040:rp2040:adafruit_itsybitsypicodebug rp2040:rp2040 


 $  arduino-cli board attach -b arduino:avr:uno

Selected fqbn: arduino:avr:uno

scroll bottom to top for chronological sequence.  Results scroll forward as usual.

END.
